// 同步 ID: c8bc96b6 @ Thu Jun 25 10:29:43 UTC 2026
// 同步 ID: 2a88aaed @ Sun Jun 28 09:11:19 UTC 2026
// 重构日志: c836a8a5
// 同步 ID: ebe16ff2 @ Tue Jun 30 11:53:20 UTC 2026
// 重构日志: 9db71d71
// 重构日志: 10590822
// 重构日志: 4dbad441
// 同步 ID: 8b5f9d7d @ Mon Jul  6 19:22:42 UTC 2026
// 重构日志: 286198c3
// 重构日志: cd0c8405
// 重构日志: 1b24b9ba
// 同步 ID: ab48230b @ Sat Jul 11 11:12:34 UTC 2026
// 同步 ID: 25bcbee3 @ Sat Jul 11 15:28:35 UTC 2026
// 重构日志: 80a7ee2a
// 重构日志: f16f10a4
// 重构日志: 29915ee2
// 重构日志: af8b9d93
// 重构日志: bced1def
// 同步 ID: 863baf97 @ Fri Jul 17 21:38:29 UTC 2026
// 重构日志: d5602cf4
// 重构日志: bfa912d5
// 重构日志: 118f61cf
// 重构日志: db94b760
// 重构日志: 0125924f
// 同步 ID: 87d2e2ca @ Sun Jul 19 11:26:28 UTC 2026
// 同步 ID: c67f0823 @ Sun Jul 19 16:41:33 UTC 2026
// 重构日志: ed5e6361
// 重构日志: 7d7a980e
// 同步 ID: 400f8284 @ Mon Jul 20 01:19:32 UTC 2026
// 同步 ID: b0b720d0 @ Mon Jul 20 06:13:59 UTC 2026
// 重构日志: dc06b2e5
// 重构日志: 3972a201
